<?xml version="1.0" encoding="UTF-8"?>
<testsuite xmlns:xsi="http://www.w3.org/2001/XMLSchema-instance" xsi:noNamespaceSchemaLocation="https://maven.apache.org/surefire/maven-surefire-plugin/xsd/surefire-test-report.xsd" name="com.quotes.AppTest" time="0.037" tests="1" errors="0" skipped="0" failures="0">
  <properties>
    <property name="java.specification.version" value="17"/>
    <property name="sun.cpu.isalist" value="amd64"/>
    <property name="sun.jnu.encoding" value="Cp1252"/>
    <property name="java.class.path" value="C:\Users\Administrator\Documents\GitHub\quotes-rest\target\test-classes;C:\Users\Administrator\Documents\GitHub\quotes-rest\target\classes;C:\Users\Administrator\.m2\repository\junit\junit\4.11\junit-4.11.jar;C:\Users\Administrator\.m2\repository\org\hamcrest\hamcrest-core\1.3\hamcrest-core-1.3.jar;C:\Users\Administrator\.m2\repository\com\googlecode\json-simple\json-simple\1.1\json-simple-1.1.jar;C:\Users\Administrator\.m2\repository\org\json\json\20230227\json-20230227.jar;C:\Users\Administrator\.m2\repository\io\javalin\javalin\5.4.2\javalin-5.4.2.jar;C:\Users\Administrator\.m2\repository\org\slf4j\slf4j-api\2.0.6\slf4j-api-2.0.6.jar;C:\Users\Administrator\.m2\repository\org\eclipse\jetty\jetty-server\11.0.14\jetty-server-11.0.14.jar;C:\Users\Administrator\.m2\repository\org\eclipse\jetty\toolchain\jetty-jakarta-servlet-api\5.0.2\jetty-jakarta-servlet-api-5.0.2.jar;C:\Users\Administrator\.m2\repository\org\eclipse\jetty\jetty-http\11.0.14\jetty-http-11.0.14.jar;C:\Users\Administrator\.m2\repository\org\eclipse\jetty\jetty-util\11.0.14\jetty-util-11.0.14.jar;C:\Users\Administrator\.m2\repository\org\eclipse\jetty\jetty-io\11.0.14\jetty-io-11.0.14.jar;C:\Users\Administrator\.m2\repository\org\eclipse\jetty\jetty-webapp\11.0.14\jetty-webapp-11.0.14.jar;C:\Users\Administrator\.m2\repository\org\eclipse\jetty\jetty-servlet\11.0.14\jetty-servlet-11.0.14.jar;C:\Users\Administrator\.m2\repository\org\eclipse\jetty\jetty-security\11.0.14\jetty-security-11.0.14.jar;C:\Users\Administrator\.m2\repository\org\eclipse\jetty\jetty-xml\11.0.14\jetty-xml-11.0.14.jar;C:\Users\Administrator\.m2\repository\org\eclipse\jetty\websocket\websocket-jetty-server\11.0.14\websocket-jetty-server-11.0.14.jar;C:\Users\Administrator\.m2\repository\org\eclipse\jetty\websocket\websocket-jetty-common\11.0.14\websocket-jetty-common-11.0.14.jar;C:\Users\Administrator\.m2\repository\org\eclipse\jetty\websocket\websocket-core-common\11.0.14\websocket-core-common-11.0.14.jar;C:\Users\Administrator\.m2\repository\org\eclipse\jetty\websocket\websocket-servlet\11.0.14\websocket-servlet-11.0.14.jar;C:\Users\Administrator\.m2\repository\org\eclipse\jetty\websocket\websocket-core-server\11.0.14\websocket-core-server-11.0.14.jar;C:\Users\Administrator\.m2\repository\org\eclipse\jetty\jetty-annotations\11.0.14\jetty-annotations-11.0.14.jar;C:\Users\Administrator\.m2\repository\org\eclipse\jetty\jetty-plus\11.0.14\jetty-plus-11.0.14.jar;C:\Users\Administrator\.m2\repository\jakarta\transaction\jakarta.transaction-api\2.0.0\jakarta.transaction-api-2.0.0.jar;C:\Users\Administrator\.m2\repository\org\eclipse\jetty\jetty-jndi\11.0.14\jetty-jndi-11.0.14.jar;C:\Users\Administrator\.m2\repository\jakarta\annotation\jakarta.annotation-api\2.1.1\jakarta.annotation-api-2.1.1.jar;C:\Users\Administrator\.m2\repository\org\ow2\asm\asm\9.4\asm-9.4.jar;C:\Users\Administrator\.m2\repository\org\ow2\asm\asm-commons\9.4\asm-commons-9.4.jar;C:\Users\Administrator\.m2\repository\org\ow2\asm\asm-tree\9.4\asm-tree-9.4.jar;C:\Users\Administrator\.m2\repository\org\eclipse\jetty\websocket\websocket-jetty-api\11.0.14\websocket-jetty-api-11.0.14.jar;C:\Users\Administrator\.m2\repository\org\jetbrains\kotlin\kotlin-stdlib-jdk8\1.7.10\kotlin-stdlib-jdk8-1.7.10.jar;C:\Users\Administrator\.m2\repository\org\jetbrains\kotlin\kotlin-stdlib-jdk7\1.7.10\kotlin-stdlib-jdk7-1.7.10.jar;C:\Users\Administrator\.m2\repository\io\github\cdimascio\java-dotenv\5.2.2\java-dotenv-5.2.2.jar;C:\Users\Administrator\.m2\repository\org\jetbrains\kotlin\kotlin-stdlib\1.4.0\kotlin-stdlib-1.4.0.jar;C:\Users\Administrator\.m2\repository\org\jetbrains\kotlin\kotlin-stdlib-common\1.4.0\kotlin-stdlib-common-1.4.0.jar;C:\Users\Administrator\.m2\repository\org\jetbrains\annotations\13.0\annotations-13.0.jar;C:\Users\Administrator\.m2\repository\org\slf4j\slf4j-simple\2.0.6\slf4j-simple-2.0.6.jar;C:\Users\Administrator\.m2\repository\com\microsoft\sqlserver\mssql-jdbc\12.2.0.jre11\mssql-jdbc-12.2.0.jre11.jar;C:\Users\Administrator\.m2\repository\com\google\code\gson\gson\2.10.1\gson-2.10.1.jar;C:\Users\Administrator\.m2\repository\io\github\cdimascio\dotenv-java\2.3.2\dotenv-java-2.3.2.jar;C:\Users\Administrator\.m2\repository\com\fasterxml\jackson\core\jackson-core\2.14.2\jackson-core-2.14.2.jar;C:\Users\Administrator\.m2\repository\com\fasterxml\jackson\core\jackson-databind\2.14.2\jackson-databind-2.14.2.jar;C:\Users\Administrator\.m2\repository\com\fasterxml\jackson\core\jackson-annotations\2.14.2\jackson-annotations-2.14.2.jar;C:\Users\Administrator\.m2\repository\org\apache\directory\studio\org.apache.commons.io\2.4\org.apache.commons.io-2.4.jar;C:\Users\Administrator\.m2\repository\commons-io\commons-io\2.4\commons-io-2.4.jar;C:\Users\Administrator\.m2\repository\org\apache\maven\plugins\maven-clean-plugin\3.2.0\maven-clean-plugin-3.2.0.jar;C:\Users\Administrator\.m2\repository\org\apache\maven\shared\maven-shared-utils\3.3.4\maven-shared-utils-3.3.4.jar;"/>
    <property name="java.vm.vendor" value="Microsoft"/>
    <property name="sun.arch.data.model" value="64"/>
    <property name="user.variant" value=""/>
    <property name="java.vendor.url" value="https://www.microsoft.com"/>
    <property name="user.timezone" value="Europe/Berlin"/>
    <property name="user.country.format" value="DE"/>
    <property name="os.name" value="Windows Server 2022"/>
    <property name="java.vm.specification.version" value="17"/>
    <property name="sun.java.launcher" value="SUN_STANDARD"/>
    <property name="user.country" value="US"/>
    <property name="sun.boot.library.path" value="C:\Program Files\Microsoft\jdk-17.0.6.10-hotspot\bin"/>
    <property name="sun.java.command" value="C:\Users\ADMINI~1\AppData\Local\Temp\surefire16150577645617746602\surefirebooter15105513326931524692.jar C:\Users\Administrator\AppData\Local\Temp\surefire16150577645617746602 2023-03-28T08-28-44_088-jvmRun1 surefire14294740255688078127tmp surefire_017408367449187403359tmp"/>
    <property name="jdk.debug" value="release"/>
    <property name="surefire.test.class.path" value="C:\Users\Administrator\Documents\GitHub\quotes-rest\target\test-classes;C:\Users\Administrator\Documents\GitHub\quotes-rest\target\classes;C:\Users\Administrator\.m2\repository\junit\junit\4.11\junit-4.11.jar;C:\Users\Administrator\.m2\repository\org\hamcrest\hamcrest-core\1.3\hamcrest-core-1.3.jar;C:\Users\Administrator\.m2\repository\com\googlecode\json-simple\json-simple\1.1\json-simple-1.1.jar;C:\Users\Administrator\.m2\repository\org\json\json\20230227\json-20230227.jar;C:\Users\Administrator\.m2\repository\io\javalin\javalin\5.4.2\javalin-5.4.2.jar;C:\Users\Administrator\.m2\repository\org\slf4j\slf4j-api\2.0.6\slf4j-api-2.0.6.jar;C:\Users\Administrator\.m2\repository\org\eclipse\jetty\jetty-server\11.0.14\jetty-server-11.0.14.jar;C:\Users\Administrator\.m2\repository\org\eclipse\jetty\toolchain\jetty-jakarta-servlet-api\5.0.2\jetty-jakarta-servlet-api-5.0.2.jar;C:\Users\Administrator\.m2\repository\org\eclipse\jetty\jetty-http\11.0.14\jetty-http-11.0.14.jar;C:\Users\Administrator\.m2\repository\org\eclipse\jetty\jetty-util\11.0.14\jetty-util-11.0.14.jar;C:\Users\Administrator\.m2\repository\org\eclipse\jetty\jetty-io\11.0.14\jetty-io-11.0.14.jar;C:\Users\Administrator\.m2\repository\org\eclipse\jetty\jetty-webapp\11.0.14\jetty-webapp-11.0.14.jar;C:\Users\Administrator\.m2\repository\org\eclipse\jetty\jetty-servlet\11.0.14\jetty-servlet-11.0.14.jar;C:\Users\Administrator\.m2\repository\org\eclipse\jetty\jetty-security\11.0.14\jetty-security-11.0.14.jar;C:\Users\Administrator\.m2\repository\org\eclipse\jetty\jetty-xml\11.0.14\jetty-xml-11.0.14.jar;C:\Users\Administrator\.m2\repository\org\eclipse\jetty\websocket\websocket-jetty-server\11.0.14\websocket-jetty-server-11.0.14.jar;C:\Users\Administrator\.m2\repository\org\eclipse\jetty\websocket\websocket-jetty-common\11.0.14\websocket-jetty-common-11.0.14.jar;C:\Users\Administrator\.m2\repository\org\eclipse\jetty\websocket\websocket-core-common\11.0.14\websocket-core-common-11.0.14.jar;C:\Users\Administrator\.m2\repository\org\eclipse\jetty\websocket\websocket-servlet\11.0.14\websocket-servlet-11.0.14.jar;C:\Users\Administrator\.m2\repository\org\eclipse\jetty\websocket\websocket-core-server\11.0.14\websocket-core-server-11.0.14.jar;C:\Users\Administrator\.m2\repository\org\eclipse\jetty\jetty-annotations\11.0.14\jetty-annotations-11.0.14.jar;C:\Users\Administrator\.m2\repository\org\eclipse\jetty\jetty-plus\11.0.14\jetty-plus-11.0.14.jar;C:\Users\Administrator\.m2\repository\jakarta\transaction\jakarta.transaction-api\2.0.0\jakarta.transaction-api-2.0.0.jar;C:\Users\Administrator\.m2\repository\org\eclipse\jetty\jetty-jndi\11.0.14\jetty-jndi-11.0.14.jar;C:\Users\Administrator\.m2\repository\jakarta\annotation\jakarta.annotation-api\2.1.1\jakarta.annotation-api-2.1.1.jar;C:\Users\Administrator\.m2\repository\org\ow2\asm\asm\9.4\asm-9.4.jar;C:\Users\Administrator\.m2\repository\org\ow2\asm\asm-commons\9.4\asm-commons-9.4.jar;C:\Users\Administrator\.m2\repository\org\ow2\asm\asm-tree\9.4\asm-tree-9.4.jar;C:\Users\Administrator\.m2\repository\org\eclipse\jetty\websocket\websocket-jetty-api\11.0.14\websocket-jetty-api-11.0.14.jar;C:\Users\Administrator\.m2\repository\org\jetbrains\kotlin\kotlin-stdlib-jdk8\1.7.10\kotlin-stdlib-jdk8-1.7.10.jar;C:\Users\Administrator\.m2\repository\org\jetbrains\kotlin\kotlin-stdlib-jdk7\1.7.10\kotlin-stdlib-jdk7-1.7.10.jar;C:\Users\Administrator\.m2\repository\io\github\cdimascio\java-dotenv\5.2.2\java-dotenv-5.2.2.jar;C:\Users\Administrator\.m2\repository\org\jetbrains\kotlin\kotlin-stdlib\1.4.0\kotlin-stdlib-1.4.0.jar;C:\Users\Administrator\.m2\repository\org\jetbrains\kotlin\kotlin-stdlib-common\1.4.0\kotlin-stdlib-common-1.4.0.jar;C:\Users\Administrator\.m2\repository\org\jetbrains\annotations\13.0\annotations-13.0.jar;C:\Users\Administrator\.m2\repository\org\slf4j\slf4j-simple\2.0.6\slf4j-simple-2.0.6.jar;C:\Users\Administrator\.m2\repository\com\microsoft\sqlserver\mssql-jdbc\12.2.0.jre11\mssql-jdbc-12.2.0.jre11.jar;C:\Users\Administrator\.m2\repository\com\google\code\gson\gson\2.10.1\gson-2.10.1.jar;C:\Users\Administrator\.m2\repository\io\github\cdimascio\dotenv-java\2.3.2\dotenv-java-2.3.2.jar;C:\Users\Administrator\.m2\repository\com\fasterxml\jackson\core\jackson-core\2.14.2\jackson-core-2.14.2.jar;C:\Users\Administrator\.m2\repository\com\fasterxml\jackson\core\jackson-databind\2.14.2\jackson-databind-2.14.2.jar;C:\Users\Administrator\.m2\repository\com\fasterxml\jackson\core\jackson-annotations\2.14.2\jackson-annotations-2.14.2.jar;C:\Users\Administrator\.m2\repository\org\apache\directory\studio\org.apache.commons.io\2.4\org.apache.commons.io-2.4.jar;C:\Users\Administrator\.m2\repository\commons-io\commons-io\2.4\commons-io-2.4.jar;C:\Users\Administrator\.m2\repository\org\apache\maven\plugins\maven-clean-plugin\3.2.0\maven-clean-plugin-3.2.0.jar;C:\Users\Administrator\.m2\repository\org\apache\maven\shared\maven-shared-utils\3.3.4\maven-shared-utils-3.3.4.jar;"/>
    <property name="sun.cpu.endian" value="little"/>
    <property name="user.home" value="C:\Users\Administrator"/>
    <property name="user.language" value="en"/>
    <property name="java.specification.vendor" value="Oracle Corporation"/>
    <property name="java.version.date" value="2023-01-17"/>
    <property name="java.home" value="C:\Program Files\Microsoft\jdk-17.0.6.10-hotspot"/>
    <property name="file.separator" value="\"/>
    <property name="basedir" value="C:\Users\Administrator\Documents\GitHub\quotes-rest"/>
    <property name="java.vm.compressedOopsMode" value="Zero based"/>
    <property name="line.separator" value="&#10;"/>
    <property name="java.vm.specification.vendor" value="Oracle Corporation"/>
    <property name="java.specification.name" value="Java Platform API Specification"/>
    <property name="surefire.real.class.path" value="C:\Users\ADMINI~1\AppData\Local\Temp\surefire16150577645617746602\surefirebooter15105513326931524692.jar"/>
    <property name="user.script" value=""/>
    <property name="sun.management.compiler" value="HotSpot 64-Bit Tiered Compilers"/>
    <property name="java.runtime.version" value="17.0.6+10-LTS"/>
    <property name="user.name" value="Administrator"/>
    <property name="path.separator" value=";"/>
    <property name="os.version" value="10.0"/>
    <property name="java.runtime.name" value="OpenJDK Runtime Environment"/>
    <property name="file.encoding" value="Cp1252"/>
    <property name="java.vm.name" value="OpenJDK 64-Bit Server VM"/>
    <property name="java.vendor.version" value="Microsoft-7209853"/>
    <property name="localRepository" value="C:\Users\Administrator\.m2\repository"/>
    <property name="java.vendor.url.bug" value="https://github.com/microsoft/openjdk/issues"/>
    <property name="java.io.tmpdir" value="C:\Users\ADMINI~1\AppData\Local\Temp\"/>
    <property name="java.version" value="17.0.6"/>
    <property name="user.dir" value="C:\Users\Administrator\Documents\GitHub\quotes-rest"/>
    <property name="os.arch" value="amd64"/>
    <property name="java.vm.specification.name" value="Java Virtual Machine Specification"/>
    <property name="user.language.format" value="de"/>
    <property name="sun.os.patch.level" value=""/>
    <property name="native.encoding" value="Cp1252"/>
    <property name="java.library.path" value="C:\Program Files\Microsoft\jdk-17.0.6.10-hotspot\bin;C:\Windows\Sun\Java\bin;C:\Windows\system32;C:\Windows;C:\Program Files (x86)\Common Files\Oracle\Java\javapath;C:\Program Files\AdoptOpenJDK\jdk-17.0.0.18-openj9\bin;C:\Program Files\Microsoft\jdk-17.0.6.10-hotspot\bin;C:\Program Files\Eclipse Adoptium\jdk-11.0.18.10-hotspot\bin;C:\Program Files\Microsoft\jdk-11.0.18.10-hotspot\bin;C:\Windows\system32;C:\Windows;C:\Windows\System32\Wbem;C:\Windows\System32\WindowsPowerShell\v1.0\;C:\Windows\System32\OpenSSH\;C:\Program Files (x86)\Microsoft SQL Server\160\DTS\Binn\;C:\Program Files\Azure Data Studio\bin;C:\ProgramData\chocolatey\bin;C:\Program Files (x86)\Microsoft SQL Server\160\Tools\Binn\;C:\Program Files\Microsoft SQL Server\160\Tools\Binn\;C:\Program Files\Microsoft SQL Server\Client SDK\ODBC\170\Tools\Binn\;C:\Program Files\Microsoft SQL Server\160\DTS\Binn\;C:\Program Files\Git\cmd;C:\apache-maven\bin;C:\Users\Administrator\AppData\Local\Programs\Python\Python311\Scripts\;C:\Users\Administrator\AppData\Local\Programs\Python\Python311\;C:\Users\Administrator\AppData\Local\Microsoft\WindowsApps;C:\Users\Administrator\AppData\Local\Programs\Microsoft VS Code\bin;C:\Users\Administrator\AppData\Local\GitHubDesktop\bin;."/>
    <property name="java.vm.info" value="mixed mode, sharing"/>
    <property name="java.vendor" value="Microsoft"/>
    <property name="java.vm.version" value="17.0.6+10-LTS"/>
    <property name="sun.io.unicode.encoding" value="UnicodeLittle"/>
    <property name="java.class.version" value="61.0"/>
  </properties>
  <testcase name="shouldAnswerWithTrue" classname="com.quotes.AppTest" time="0.002"/>
</testsuite>