<?xml version="1.0" encoding="UTF-8"?>
<testsuite xmlns:xsi="http://www.w3.org/2001/XMLSchema-instance" xsi:noNamespaceSchemaLocation="https://maven.apache.org/surefire/maven-surefire-plugin/xsd/surefire-test-report.xsd" name="com.quotes.AppTest" time="0.021" tests="1" errors="0" skipped="0" failures="0">
  <properties>
    <property name="java.specification.version" value="20"/>
    <property name="sun.cpu.isalist" value="amd64"/>
    <property name="sun.jnu.encoding" value="Cp1252"/>
    <property name="java.class.path" value="C:\Users\Tilo Alexander\Documents\Github\quotes-rest\target\test-classes;C:\Users\Tilo Alexander\Documents\Github\quotes-rest\target\classes;C:\Users\Tilo Alexander\.m2\repository\junit\junit\4.11\junit-4.11.jar;C:\Users\Tilo Alexander\.m2\repository\org\hamcrest\hamcrest-core\1.3\hamcrest-core-1.3.jar;C:\Users\Tilo Alexander\.m2\repository\com\googlecode\json-simple\json-simple\1.1\json-simple-1.1.jar;C:\Users\Tilo Alexander\.m2\repository\org\json\json\20230227\json-20230227.jar;C:\Users\Tilo Alexander\.m2\repository\io\javalin\javalin\5.4.2\javalin-5.4.2.jar;C:\Users\Tilo Alexander\.m2\repository\org\slf4j\slf4j-api\2.0.6\slf4j-api-2.0.6.jar;C:\Users\Tilo Alexander\.m2\repository\org\eclipse\jetty\jetty-server\11.0.14\jetty-server-11.0.14.jar;C:\Users\Tilo Alexander\.m2\repository\org\eclipse\jetty\toolchain\jetty-jakarta-servlet-api\5.0.2\jetty-jakarta-servlet-api-5.0.2.jar;C:\Users\Tilo Alexander\.m2\repository\org\eclipse\jetty\jetty-http\11.0.14\jetty-http-11.0.14.jar;C:\Users\Tilo Alexander\.m2\repository\org\eclipse\jetty\jetty-util\11.0.14\jetty-util-11.0.14.jar;C:\Users\Tilo Alexander\.m2\repository\org\eclipse\jetty\jetty-io\11.0.14\jetty-io-11.0.14.jar;C:\Users\Tilo Alexander\.m2\repository\org\eclipse\jetty\jetty-webapp\11.0.14\jetty-webapp-11.0.14.jar;C:\Users\Tilo Alexander\.m2\repository\org\eclipse\jetty\jetty-servlet\11.0.14\jetty-servlet-11.0.14.jar;C:\Users\Tilo Alexander\.m2\repository\org\eclipse\jetty\jetty-security\11.0.14\jetty-security-11.0.14.jar;C:\Users\Tilo Alexander\.m2\repository\org\eclipse\jetty\jetty-xml\11.0.14\jetty-xml-11.0.14.jar;C:\Users\Tilo Alexander\.m2\repository\org\eclipse\jetty\websocket\websocket-jetty-server\11.0.14\websocket-jetty-server-11.0.14.jar;C:\Users\Tilo Alexander\.m2\repository\org\eclipse\jetty\websocket\websocket-jetty-common\11.0.14\websocket-jetty-common-11.0.14.jar;C:\Users\Tilo Alexander\.m2\repository\org\eclipse\jetty\websocket\websocket-core-common\11.0.14\websocket-core-common-11.0.14.jar;C:\Users\Tilo Alexander\.m2\repository\org\eclipse\jetty\websocket\websocket-servlet\11.0.14\websocket-servlet-11.0.14.jar;C:\Users\Tilo Alexander\.m2\repository\org\eclipse\jetty\websocket\websocket-core-server\11.0.14\websocket-core-server-11.0.14.jar;C:\Users\Tilo Alexander\.m2\repository\org\eclipse\jetty\jetty-annotations\11.0.14\jetty-annotations-11.0.14.jar;C:\Users\Tilo Alexander\.m2\repository\org\eclipse\jetty\jetty-plus\11.0.14\jetty-plus-11.0.14.jar;C:\Users\Tilo Alexander\.m2\repository\jakarta\transaction\jakarta.transaction-api\2.0.0\jakarta.transaction-api-2.0.0.jar;C:\Users\Tilo Alexander\.m2\repository\org\eclipse\jetty\jetty-jndi\11.0.14\jetty-jndi-11.0.14.jar;C:\Users\Tilo Alexander\.m2\repository\jakarta\annotation\jakarta.annotation-api\2.1.1\jakarta.annotation-api-2.1.1.jar;C:\Users\Tilo Alexander\.m2\repository\org\ow2\asm\asm\9.4\asm-9.4.jar;C:\Users\Tilo Alexander\.m2\repository\org\ow2\asm\asm-commons\9.4\asm-commons-9.4.jar;C:\Users\Tilo Alexander\.m2\repository\org\ow2\asm\asm-tree\9.4\asm-tree-9.4.jar;C:\Users\Tilo Alexander\.m2\repository\org\eclipse\jetty\websocket\websocket-jetty-api\11.0.14\websocket-jetty-api-11.0.14.jar;C:\Users\Tilo Alexander\.m2\repository\org\jetbrains\kotlin\kotlin-stdlib-jdk8\1.7.10\kotlin-stdlib-jdk8-1.7.10.jar;C:\Users\Tilo Alexander\.m2\repository\org\jetbrains\kotlin\kotlin-stdlib-jdk7\1.7.10\kotlin-stdlib-jdk7-1.7.10.jar;C:\Users\Tilo Alexander\.m2\repository\io\github\cdimascio\java-dotenv\5.2.2\java-dotenv-5.2.2.jar;C:\Users\Tilo Alexander\.m2\repository\org\jetbrains\kotlin\kotlin-stdlib\1.4.0\kotlin-stdlib-1.4.0.jar;C:\Users\Tilo Alexander\.m2\repository\org\jetbrains\kotlin\kotlin-stdlib-common\1.4.0\kotlin-stdlib-common-1.4.0.jar;C:\Users\Tilo Alexander\.m2\repository\org\jetbrains\annotations\13.0\annotations-13.0.jar;C:\Users\Tilo Alexander\.m2\repository\org\slf4j\slf4j-simple\2.0.6\slf4j-simple-2.0.6.jar;C:\Users\Tilo Alexander\.m2\repository\com\microsoft\sqlserver\mssql-jdbc\12.2.0.jre11\mssql-jdbc-12.2.0.jre11.jar;C:\Users\Tilo Alexander\.m2\repository\com\google\code\gson\gson\2.10.1\gson-2.10.1.jar;C:\Users\Tilo Alexander\.m2\repository\io\github\cdimascio\dotenv-java\2.3.2\dotenv-java-2.3.2.jar;C:\Users\Tilo Alexander\.m2\repository\com\fasterxml\jackson\core\jackson-core\2.14.2\jackson-core-2.14.2.jar;C:\Users\Tilo Alexander\.m2\repository\com\fasterxml\jackson\core\jackson-databind\2.14.2\jackson-databind-2.14.2.jar;C:\Users\Tilo Alexander\.m2\repository\com\fasterxml\jackson\core\jackson-annotations\2.14.2\jackson-annotations-2.14.2.jar;C:\Users\Tilo Alexander\.m2\repository\org\apache\directory\studio\org.apache.commons.io\2.4\org.apache.commons.io-2.4.jar;C:\Users\Tilo Alexander\.m2\repository\commons-io\commons-io\2.4\commons-io-2.4.jar;C:\Users\Tilo Alexander\.m2\repository\org\apache\maven\plugins\maven-clean-plugin\3.2.0\maven-clean-plugin-3.2.0.jar;C:\Users\Tilo Alexander\.m2\repository\org\apache\maven\shared\maven-shared-utils\3.3.4\maven-shared-utils-3.3.4.jar;"/>
    <property name="java.vm.vendor" value="Oracle Corporation"/>
    <property name="sun.arch.data.model" value="64"/>
    <property name="user.variant" value=""/>
    <property name="java.vendor.url" value="https://java.oracle.com/"/>
    <property name="user.timezone" value="Europe/Berlin"/>
    <property name="os.name" value="Windows 11"/>
    <property name="java.vm.specification.version" value="20"/>
    <property name="sun.java.launcher" value="SUN_STANDARD"/>
    <property name="user.country" value="DE"/>
    <property name="sun.boot.library.path" value="C:\Program Files\Java\jdk-20\bin"/>
    <property name="sun.java.command" value="C:\Users\TILOAL~1\AppData\Local\Temp\surefire8623722179777413628\surefirebooter12514590304045889517.jar C:\Users\Tilo Alexander\AppData\Local\Temp\surefire8623722179777413628 2023-04-04T18-16-15_447-jvmRun1 surefire9699545251745463997tmp surefire_05727542085322055546tmp"/>
    <property name="jdk.debug" value="release"/>
    <property name="surefire.test.class.path" value="C:\Users\Tilo Alexander\Documents\Github\quotes-rest\target\test-classes;C:\Users\Tilo Alexander\Documents\Github\quotes-rest\target\classes;C:\Users\Tilo Alexander\.m2\repository\junit\junit\4.11\junit-4.11.jar;C:\Users\Tilo Alexander\.m2\repository\org\hamcrest\hamcrest-core\1.3\hamcrest-core-1.3.jar;C:\Users\Tilo Alexander\.m2\repository\com\googlecode\json-simple\json-simple\1.1\json-simple-1.1.jar;C:\Users\Tilo Alexander\.m2\repository\org\json\json\20230227\json-20230227.jar;C:\Users\Tilo Alexander\.m2\repository\io\javalin\javalin\5.4.2\javalin-5.4.2.jar;C:\Users\Tilo Alexander\.m2\repository\org\slf4j\slf4j-api\2.0.6\slf4j-api-2.0.6.jar;C:\Users\Tilo Alexander\.m2\repository\org\eclipse\jetty\jetty-server\11.0.14\jetty-server-11.0.14.jar;C:\Users\Tilo Alexander\.m2\repository\org\eclipse\jetty\toolchain\jetty-jakarta-servlet-api\5.0.2\jetty-jakarta-servlet-api-5.0.2.jar;C:\Users\Tilo Alexander\.m2\repository\org\eclipse\jetty\jetty-http\11.0.14\jetty-http-11.0.14.jar;C:\Users\Tilo Alexander\.m2\repository\org\eclipse\jetty\jetty-util\11.0.14\jetty-util-11.0.14.jar;C:\Users\Tilo Alexander\.m2\repository\org\eclipse\jetty\jetty-io\11.0.14\jetty-io-11.0.14.jar;C:\Users\Tilo Alexander\.m2\repository\org\eclipse\jetty\jetty-webapp\11.0.14\jetty-webapp-11.0.14.jar;C:\Users\Tilo Alexander\.m2\repository\org\eclipse\jetty\jetty-servlet\11.0.14\jetty-servlet-11.0.14.jar;C:\Users\Tilo Alexander\.m2\repository\org\eclipse\jetty\jetty-security\11.0.14\jetty-security-11.0.14.jar;C:\Users\Tilo Alexander\.m2\repository\org\eclipse\jetty\jetty-xml\11.0.14\jetty-xml-11.0.14.jar;C:\Users\Tilo Alexander\.m2\repository\org\eclipse\jetty\websocket\websocket-jetty-server\11.0.14\websocket-jetty-server-11.0.14.jar;C:\Users\Tilo Alexander\.m2\repository\org\eclipse\jetty\websocket\websocket-jetty-common\11.0.14\websocket-jetty-common-11.0.14.jar;C:\Users\Tilo Alexander\.m2\repository\org\eclipse\jetty\websocket\websocket-core-common\11.0.14\websocket-core-common-11.0.14.jar;C:\Users\Tilo Alexander\.m2\repository\org\eclipse\jetty\websocket\websocket-servlet\11.0.14\websocket-servlet-11.0.14.jar;C:\Users\Tilo Alexander\.m2\repository\org\eclipse\jetty\websocket\websocket-core-server\11.0.14\websocket-core-server-11.0.14.jar;C:\Users\Tilo Alexander\.m2\repository\org\eclipse\jetty\jetty-annotations\11.0.14\jetty-annotations-11.0.14.jar;C:\Users\Tilo Alexander\.m2\repository\org\eclipse\jetty\jetty-plus\11.0.14\jetty-plus-11.0.14.jar;C:\Users\Tilo Alexander\.m2\repository\jakarta\transaction\jakarta.transaction-api\2.0.0\jakarta.transaction-api-2.0.0.jar;C:\Users\Tilo Alexander\.m2\repository\org\eclipse\jetty\jetty-jndi\11.0.14\jetty-jndi-11.0.14.jar;C:\Users\Tilo Alexander\.m2\repository\jakarta\annotation\jakarta.annotation-api\2.1.1\jakarta.annotation-api-2.1.1.jar;C:\Users\Tilo Alexander\.m2\repository\org\ow2\asm\asm\9.4\asm-9.4.jar;C:\Users\Tilo Alexander\.m2\repository\org\ow2\asm\asm-commons\9.4\asm-commons-9.4.jar;C:\Users\Tilo Alexander\.m2\repository\org\ow2\asm\asm-tree\9.4\asm-tree-9.4.jar;C:\Users\Tilo Alexander\.m2\repository\org\eclipse\jetty\websocket\websocket-jetty-api\11.0.14\websocket-jetty-api-11.0.14.jar;C:\Users\Tilo Alexander\.m2\repository\org\jetbrains\kotlin\kotlin-stdlib-jdk8\1.7.10\kotlin-stdlib-jdk8-1.7.10.jar;C:\Users\Tilo Alexander\.m2\repository\org\jetbrains\kotlin\kotlin-stdlib-jdk7\1.7.10\kotlin-stdlib-jdk7-1.7.10.jar;C:\Users\Tilo Alexander\.m2\repository\io\github\cdimascio\java-dotenv\5.2.2\java-dotenv-5.2.2.jar;C:\Users\Tilo Alexander\.m2\repository\org\jetbrains\kotlin\kotlin-stdlib\1.4.0\kotlin-stdlib-1.4.0.jar;C:\Users\Tilo Alexander\.m2\repository\org\jetbrains\kotlin\kotlin-stdlib-common\1.4.0\kotlin-stdlib-common-1.4.0.jar;C:\Users\Tilo Alexander\.m2\repository\org\jetbrains\annotations\13.0\annotations-13.0.jar;C:\Users\Tilo Alexander\.m2\repository\org\slf4j\slf4j-simple\2.0.6\slf4j-simple-2.0.6.jar;C:\Users\Tilo Alexander\.m2\repository\com\microsoft\sqlserver\mssql-jdbc\12.2.0.jre11\mssql-jdbc-12.2.0.jre11.jar;C:\Users\Tilo Alexander\.m2\repository\com\google\code\gson\gson\2.10.1\gson-2.10.1.jar;C:\Users\Tilo Alexander\.m2\repository\io\github\cdimascio\dotenv-java\2.3.2\dotenv-java-2.3.2.jar;C:\Users\Tilo Alexander\.m2\repository\com\fasterxml\jackson\core\jackson-core\2.14.2\jackson-core-2.14.2.jar;C:\Users\Tilo Alexander\.m2\repository\com\fasterxml\jackson\core\jackson-databind\2.14.2\jackson-databind-2.14.2.jar;C:\Users\Tilo Alexander\.m2\repository\com\fasterxml\jackson\core\jackson-annotations\2.14.2\jackson-annotations-2.14.2.jar;C:\Users\Tilo Alexander\.m2\repository\org\apache\directory\studio\org.apache.commons.io\2.4\org.apache.commons.io-2.4.jar;C:\Users\Tilo Alexander\.m2\repository\commons-io\commons-io\2.4\commons-io-2.4.jar;C:\Users\Tilo Alexander\.m2\repository\org\apache\maven\plugins\maven-clean-plugin\3.2.0\maven-clean-plugin-3.2.0.jar;C:\Users\Tilo Alexander\.m2\repository\org\apache\maven\shared\maven-shared-utils\3.3.4\maven-shared-utils-3.3.4.jar;"/>
    <property name="sun.cpu.endian" value="little"/>
    <property name="user.home" value="C:\Users\Tilo Alexander"/>
    <property name="user.language" value="de"/>
    <property name="java.specification.vendor" value="Oracle Corporation"/>
    <property name="java.version.date" value="2023-03-21"/>
    <property name="java.home" value="C:\Program Files\Java\jdk-20"/>
    <property name="file.separator" value="\"/>
    <property name="basedir" value="C:\Users\Tilo Alexander\Documents\Github\quotes-rest"/>
    <property name="java.vm.compressedOopsMode" value="Zero based"/>
    <property name="line.separator" value="&#10;"/>
    <property name="java.vm.specification.vendor" value="Oracle Corporation"/>
    <property name="java.specification.name" value="Java Platform API Specification"/>
    <property name="surefire.real.class.path" value="C:\Users\TILOAL~1\AppData\Local\Temp\surefire8623722179777413628\surefirebooter12514590304045889517.jar"/>
    <property name="user.script" value=""/>
    <property name="sun.management.compiler" value="HotSpot 64-Bit Tiered Compilers"/>
    <property name="java.runtime.version" value="20+36-2344"/>
    <property name="user.name" value="Tilo Alexander"/>
    <property name="stdout.encoding" value="Cp1252"/>
    <property name="path.separator" value=";"/>
    <property name="os.version" value="10.0"/>
    <property name="java.runtime.name" value="Java(TM) SE Runtime Environment"/>
    <property name="file.encoding" value="UTF-8"/>
    <property name="java.vm.name" value="Java HotSpot(TM) 64-Bit Server VM"/>
    <property name="localRepository" value="C:\Users\Tilo Alexander\.m2\repository"/>
    <property name="java.vendor.url.bug" value="https://bugreport.java.com/bugreport/"/>
    <property name="java.io.tmpdir" value="C:\Users\TILOAL~1\AppData\Local\Temp\"/>
    <property name="java.version" value="20"/>
    <property name="user.dir" value="C:\Users\Tilo Alexander\Documents\Github\quotes-rest"/>
    <property name="os.arch" value="amd64"/>
    <property name="java.vm.specification.name" value="Java Virtual Machine Specification"/>
    <property name="sun.os.patch.level" value=""/>
    <property name="native.encoding" value="Cp1252"/>
    <property name="java.library.path" value="C:\Program Files\Java\jdk-20\bin;C:\WINDOWS\Sun\Java\bin;C:\WINDOWS\system32;C:\WINDOWS;C:\Program Files\Common Files\Oracle\Java\javapath;C:\Program Files\AdoptOpenJDK\jdk-17.0.0.18-openj9\bin;C:\Program Files\NVIDIA GPU Computing Toolkit\CUDA\v11.7\bin;C:\Program Files\NVIDIA GPU Computing Toolkit\CUDA\v11.7\libnvvp;C:\WINDOWS\system32&gt;;C:\Python27;C:\Windows;C:\Windows\System32\Wbem;C:\Windows\System32\Openssh\;C:\Program Files\NVIDIA Corporation\NVIDIA NvDLISR;C:\ProgramData\chocolatey\bin;C:\Program Files\NVIDIA Corporation\Nsight Compute 2022.2.1\;C:\Program Files\dotnet\;C:\WINDOWS\system32;C:\WINDOWS;C:\WINDOWS\System32\Wbem;C:\WINDOWS\System32\WindowsPowerShell\v1.0\;C:\WINDOWS\System32\OpenSSH\;C:\Program Files\PuTTY\;C:\Program Files (x86)\Windows Kits\10\Windows Performance Toolkit\;C:\Program Files\Azure Data Studio\bin;C:\Program Files (x86)\AOMEI;C:\Users\Tilo Alexander\AppData\Local\Programs\Python\Python310\Scripts;C:\Users\Tilo Alexander\AppData\Local\Programs\Python\Python310;C:\Python27\Scripts;C:\Program Files\nodejs\;C:\Program Files\Git\cmd;C:\Program Files (x86)\Microsoft SQL Server\160\DTS\Binn\;C:\maven\bin;C:\Users\Tilo Alexander\AppData\Local\Programs\Python\Python311\Scripts\;C:\Users\Tilo Alexander\AppData\Local\Programs\Python\Python311\;C:\Users\Tilo Alexander\AppData\Local\Programs\Python\Python310\Scripts\;C:\Users\Tilo Alexander\AppData\Local\Programs\Python\Python310\;C:\ffmpeg\bin;C:\Users\Tilo Alexander\.dotnet\tools;C:\Users\Tilo Alexander\AppData\Local\Programs\Python\Python39\Scripts\;C:\Users\Tilo Alexander\AppData\Local\Programs\Python\Python39\;C:\Windows\System32;C:\Python27;C:\Windows;C:\Windows\System32\Wbem;C:\Users\Tilo Alexander\AppData\Local\Microsoft\WindowsApps;C:\Users\Tilo Alexander\AppData\Local\GitHubDesktop\bin;C:\Users\Tilo Alexander\AppData\Local\Programs\oh-my-posh\bin;C:\Users\Tilo Alexander\.dotnet\tools;C:\Program Files\Azure Data Studio\bin;C:\Users\Tilo Alexander\AppData\Local\Programs\Microsoft VS Code\bin;C:\Users\Tilo Alexander\AppData\Roaming\npm;C:\msys64\mingw64\bin;;."/>
    <property name="java.vm.info" value="mixed mode, sharing"/>
    <property name="stderr.encoding" value="Cp1252"/>
    <property name="java.vendor" value="Oracle Corporation"/>
    <property name="java.vm.version" value="20+36-2344"/>
    <property name="sun.io.unicode.encoding" value="UnicodeLittle"/>
    <property name="java.class.version" value="64.0"/>
  </properties>
  <testcase name="shouldAnswerWithTrue" classname="com.quotes.AppTest" time="0.001"/>
</testsuite>